<?xml version="1.0" encoding="UTF-8"?>
<testng-results skipped="0" failed="0" ignored="0" total="1" passed="1">
  <reporter-output>
  </reporter-output>
  <suite name="Default suite" duration-ms="49630" started-at="2018-05-08T16:27:49Z" finished-at="2018-05-08T16:28:38Z">
    <groups>
    </groups>
    <test name="Default test" duration-ms="49630" started-at="2018-05-08T16:27:49Z" finished-at="2018-05-08T16:28:38Z">
      <class name="automation.PAN.AppTest">
        <test-method status="PASS" signature="startup()[pri:0, instance:automation.PAN.AppTest@66d1af89]" name="startup" is-config="true" duration-ms="12694" started-at="2018-05-08T16:27:49Z" finished-at="2018-05-08T16:28:02Z">
          <reporter-output>
          </reporter-output>
        </test-method> <!-- startup -->
        <test-method status="PASS" signature="testApp()[pri:0, instance:automation.PAN.AppTest@66d1af89]" name="testApp" duration-ms="26802" started-at="2018-05-08T16:28:02Z" finished-at="2018-05-08T16:28:28Z">
          <reporter-output>
          </reporter-output>
        </test-method> <!-- testApp -->
        <test-method status="PASS" signature="teardown()[pri:0, instance:automation.PAN.AppTest@66d1af89]" name="teardown" is-config="true" duration-ms="10109" started-at="2018-05-08T16:28:28Z" finished-at="2018-05-08T16:28:38Z">
          <reporter-output>
          </reporter-output>
        </test-method> <!-- teardown -->
      </class> <!-- automation.PAN.AppTest -->
    </test> <!-- Default test -->
  </suite> <!-- Default suite -->
</testng-results>
