<?xml version="1.0" encoding="UTF-8"?>
<testng-results skipped="0" failed="0" ignored="0" total="1" passed="1">
  <reporter-output>
  </reporter-output>
  <suite name="Default suite" duration-ms="22604" started-at="2018-03-26T11:35:50Z" finished-at="2018-03-26T11:36:12Z">
    <groups>
    </groups>
    <test name="Default test" duration-ms="22604" started-at="2018-03-26T11:35:50Z" finished-at="2018-03-26T11:36:12Z">
      <class name="automation.PAN.AppTest">
        <test-method status="PASS" signature="startup()[pri:0, instance:automation.PAN.AppTest@1a3869f4]" name="startup" is-config="true" duration-ms="7938" started-at="2018-03-26T11:35:50Z" finished-at="2018-03-26T11:35:58Z">
          <reporter-output>
          </reporter-output>
        </test-method> <!-- startup -->
        <test-method status="PASS" signature="testApp()[pri:0, instance:automation.PAN.AppTest@1a3869f4]" name="testApp" duration-ms="4493" started-at="2018-03-26T11:35:58Z" finished-at="2018-03-26T11:36:02Z">
          <reporter-output>
          </reporter-output>
        </test-method> <!-- testApp -->
        <test-method status="PASS" signature="teardown()[pri:0, instance:automation.PAN.AppTest@1a3869f4]" name="teardown" is-config="true" duration-ms="10158" started-at="2018-03-26T11:36:02Z" finished-at="2018-03-26T11:36:12Z">
          <reporter-output>
          </reporter-output>
        </test-method> <!-- teardown -->
      </class> <!-- automation.PAN.AppTest -->
    </test> <!-- Default test -->
  </suite> <!-- Default suite -->
</testng-results>
